15:09:00.070 [main] INFO  org.example.BankAccount - New account created. Initial balance: 100.0
15:09:00.075 [main] ERROR org.example.BankAccount - Insufficient balance for withdrawal
15:09:00.098 [main] INFO  org.example.BankAccount - New account created. Initial balance: 100.0
15:09:00.110 [main] INFO  org.example.BankAccount - Withdrawn: 50.0. New balance: 50.0
15:09:00.110 [main] INFO  org.example.BankAccount - Balance checked. Current balance: 50.0
15:09:00.115 [main] INFO  org.example.BankAccount - New account created. Initial balance: 100.0
15:09:00.117 [main] INFO  org.example.BankAccount - Withdrawn: 23.75. New balance: 76.25
15:09:00.117 [main] INFO  org.example.BankAccount - Balance checked. Current balance: 76.25
15:09:00.118 [main] INFO  org.example.BankAccount - New account created. Initial balance: 100.0
15:09:00.119 [main] INFO  org.example.BankAccount - Withdrawn: 0.25. New balance: 99.75
15:09:00.119 [main] INFO  org.example.BankAccount - Balance checked. Current balance: 99.75
15:09:00.121 [main] INFO  org.example.BankAccount - New account created. Initial balance: 100.0
15:09:00.121 [main] ERROR org.example.BankAccount - Withdrawal amount must be positive
15:09:00.129 [main] INFO  org.example.BankAccount - New account created. Initial balance: 100.0
15:09:00.129 [main] INFO  org.example.BankAccount - Deposited: 50.0. New balance: 150.0
15:09:00.130 [main] INFO  org.example.BankAccount - Balance checked. Current balance: 150.0
15:09:00.131 [main] INFO  org.example.BankAccount - New account created. Initial balance: 100.0
15:09:00.131 [main] INFO  org.example.BankAccount - Deposited: 23.75. New balance: 123.75
15:09:00.131 [main] INFO  org.example.BankAccount - Balance checked. Current balance: 123.75
15:09:00.133 [main] INFO  org.example.BankAccount - New account created. Initial balance: 100.0
15:09:00.133 [main] INFO  org.example.BankAccount - Deposited: 0.25. New balance: 100.25
15:09:00.133 [main] INFO  org.example.BankAccount - Balance checked. Current balance: 100.25
15:09:00.136 [main] INFO  org.example.BankAccount - New account created. Initial balance: 100.0
15:09:00.136 [main] ERROR org.example.BankAccount - Deposit amount must be positive
15:39:26.841 [main] INFO  BankAccount - New account created. Initial balance: 100.0
15:39:26.846 [main] ERROR BankAccount - Withdrawal amount must be positive
15:39:26.852 [main] INFO  BankAccount - New account created. Initial balance: 100.0
15:39:26.853 [main] INFO  BankAccount - Deposited: 50.0. New balance: 150.0
15:39:26.853 [main] INFO  BankAccount - Balance checked. Current balance: 150.0
15:39:26.856 [main] INFO  BankAccount - New account created. Initial balance: 100.0
15:39:26.856 [main] ERROR BankAccount - Insufficient balance for withdrawal
15:39:26.858 [main] INFO  BankAccount - New account created. Initial balance: 100.0
15:39:26.858 [main] ERROR BankAccount - Deposit amount must be positive
15:39:26.859 [main] INFO  BankAccount - New account created. Initial balance: 100.0
15:39:26.860 [main] INFO  BankAccount - Withdrawn: 50.0. New balance: 50.0
15:39:26.860 [main] INFO  BankAccount - Balance checked. Current balance: 50.0
15:40:06.029 [main] INFO  BankAccount - New account created. Initial balance: 100.0
15:40:06.035 [main] ERROR BankAccount - Withdrawal amount must be positive
15:40:06.039 [main] INFO  BankAccount - New account created. Initial balance: 100.0
15:40:06.040 [main] INFO  BankAccount - Deposited: 50.0. New balance: 150.0
15:40:06.041 [main] INFO  BankAccount - Balance checked. Current balance: 150.0
15:40:06.042 [main] INFO  BankAccount - New account created. Initial balance: 100.0
15:40:06.043 [main] ERROR BankAccount - Insufficient balance for withdrawal
15:40:06.043 [main] INFO  BankAccount - New account created. Initial balance: 100.0
15:40:06.044 [main] ERROR BankAccount - Deposit amount must be positive
15:40:06.045 [main] INFO  BankAccount - New account created. Initial balance: 100.0
15:40:06.046 [main] INFO  BankAccount - Withdrawn: 50.0. New balance: 50.0
15:40:06.046 [main] INFO  BankAccount - Balance checked. Current balance: 50.0
15:40:48.480 [main] INFO  BankAccount - New account created. Initial balance: 100.0
15:40:48.484 [main] ERROR BankAccount - Withdrawal amount must be positive
15:40:48.489 [main] INFO  BankAccount - New account created. Initial balance: 100.0
15:40:48.491 [main] INFO  BankAccount - Deposited: 50.0. New balance: 150.0
15:40:48.491 [main] INFO  BankAccount - Balance checked. Current balance: 150.0
15:40:48.494 [main] INFO  BankAccount - New account created. Initial balance: 100.0
15:40:48.495 [main] ERROR BankAccount - Insufficient balance for withdrawal
15:40:48.496 [main] INFO  BankAccount - New account created. Initial balance: 100.0
15:40:48.496 [main] ERROR BankAccount - Deposit amount must be positive
15:40:48.497 [main] INFO  BankAccount - New account created. Initial balance: 100.0
15:40:48.498 [main] INFO  BankAccount - Withdrawn: 50.0. New balance: 50.0
15:40:48.498 [main] INFO  BankAccount - Balance checked. Current balance: 50.0
15:42:52.315 [main] INFO  BankAccount - New account created. Initial balance: 100.0
15:42:52.320 [main] ERROR BankAccount - Withdrawal amount must be positive
15:42:52.325 [main] INFO  BankAccount - New account created. Initial balance: 100.0
15:42:52.327 [main] INFO  BankAccount - Deposited: 50.0. New balance: 150.0
15:42:52.327 [main] INFO  BankAccount - Balance checked. Current balance: 150.0
15:42:52.330 [main] INFO  BankAccount - New account created. Initial balance: 100.0
15:42:52.332 [main] ERROR BankAccount - Insufficient balance for withdrawal
15:42:52.333 [main] INFO  BankAccount - New account created. Initial balance: 100.0
15:42:52.333 [main] ERROR BankAccount - Deposit amount must be positive
15:42:52.336 [main] INFO  BankAccount - New account created. Initial balance: 100.0
15:42:52.336 [main] INFO  BankAccount - Withdrawn: 50.0. New balance: 50.0
15:42:52.336 [main] INFO  BankAccount - Balance checked. Current balance: 50.0
